<?xml version="1.0" encoding="UTF-8"?>
<!-- Generated by org.testng.reporters.JUnitReportReporter -->
<testsuite skipped="0" hostname="TIPS" name="testCase.Read_A_Product" tests="1" failures="0" timestamp="2022-03-01T14:18:30 CST" time="2.727" errors="0">
  <testcase name="readAProducts" time="2.727" classname="testCase.Read_A_Product"/>
  <system-out/>
</testsuite> <!-- testCase.Read_A_Product -->
