<?xml version="1.0" encoding="UTF-8"?>
<!-- Generated by org.testng.reporters.JUnitReportReporter -->
<testsuite skipped="0" hostname="TIPS" name="testCase.ReadAllProduct_GET" tests="1" failures="0" timestamp="2022-03-01T13:35:17 CST" time="2.760" errors="0">
  <testcase name="read_All_Products" time="2.760" classname="testCase.ReadAllProduct_GET"/>
  <system-out/>
</testsuite> <!-- testCase.ReadAllProduct_GET -->
