<?xml version="1.0" encoding="UTF-8"?>
<!-- Generated by org.testng.reporters.JUnitReportReporter -->
<testsuite skipped="0" hostname="TIPS" name="testCase.POST_Create_A_Product" tests="1" failures="0" timestamp="2022-03-01T20:34:40 CST" time="2.540" errors="0">
  <testcase name="createAProducts" time="2.540" classname="testCase.POST_Create_A_Product"/>
  <system-out/>
</testsuite> <!-- testCase.POST_Create_A_Product -->
