<?xml version="1.0" encoding="UTF-8"?>
<!-- Generated by org.testng.reporters.JUnitReportReporter -->
<testsuite skipped="0" hostname="TIPS" name="testCase.PUT_Update_A_Product" tests="1" failures="0" timestamp="2022-03-01T20:44:08 CST" time="2.886" errors="0">
  <testcase name="createAProducts" time="2.886" classname="testCase.PUT_Update_A_Product"/>
  <system-out/>
</testsuite> <!-- testCase.PUT_Update_A_Product -->
